0 info it worked if it ends with ok
1 verbose cli [ 'C:\\Program Files\\nodejs\\node.exe',
1 verbose cli   'C:\\Users\\Pieter\\AppData\\Roaming\\npm\\node_modules\\npm\\bin\\npm-cli.js',
1 verbose cli   'start' ]
2 info using npm@3.4.1
3 info using node@v4.2.2
4 verbose run-script [ 'prestart', 'start', 'poststart' ]
5 info lifecycle project@0.0.0~prestart: project@0.0.0
6 silly lifecycle project@0.0.0~prestart: no script for prestart, continuing
7 info lifecycle project@0.0.0~start: project@0.0.0
8 verbose lifecycle project@0.0.0~start: unsafe-perm in lifecycle true
9 verbose lifecycle project@0.0.0~start: PATH: C:\Users\Pieter\AppData\Roaming\npm\node_modules\npm\bin\node-gyp-bin;D:\HoGent\3ejaar\Sem1\Webapps\ProjectWebsite\project\node_modules\.bin;C:\WINDOWS\system32;C:\WINDOWS;C:\WINDOWS\System32\Wbem;C:\WINDOWS\System32\WindowsPowerShell\v1.0\;C:\Users\Pieter\.dnx\bin;C:\Program Files\Microsoft DNX\Dnvm\;C:\Program Files\Microsoft SQL Server\120\Tools\Binn\;C:\Program Files (x86)\NVIDIA Corporation\PhysX\Common;C:\Program Files (x86)\Skype\Phone\;C:\Program Files\nodejs\;C:\Program Files (x86)\Windows Kits\10\Windows Performance Toolkit\;C:\Users\Pieter\AppData\Roaming\npm;C:\Users\Pieter\AppData\Local\Programs\Git\cmd
10 verbose lifecycle project@0.0.0~start: CWD: D:\HoGent\3ejaar\Sem1\Webapps\ProjectWebsite\project
11 silly lifecycle project@0.0.0~start: Args: [ '/d /s /c', 'node ./bin/www' ]
12 silly lifecycle project@0.0.0~start: Returned: code: 3221225786  signal: null
13 info lifecycle project@0.0.0~start: Failed to exec start script
14 verbose stack Error: project@0.0.0 start: `node ./bin/www`
14 verbose stack Exit status 3221225786
14 verbose stack     at EventEmitter.<anonymous> (C:\Users\Pieter\AppData\Roaming\npm\node_modules\npm\lib\utils\lifecycle.js:232:16)
14 verbose stack     at emitTwo (events.js:87:13)
14 verbose stack     at EventEmitter.emit (events.js:172:7)
14 verbose stack     at ChildProcess.<anonymous> (C:\Users\Pieter\AppData\Roaming\npm\node_modules\npm\lib\utils\spawn.js:24:14)
14 verbose stack     at emitTwo (events.js:87:13)
14 verbose stack     at ChildProcess.emit (events.js:172:7)
14 verbose stack     at maybeClose (internal/child_process.js:818:16)
14 verbose stack     at Process.ChildProcess._handle.onexit (internal/child_process.js:211:5)
15 verbose pkgid project@0.0.0
16 verbose cwd D:\HoGent\3ejaar\Sem1\Webapps\ProjectWebsite\project
17 error Windows_NT 10.0.10240
18 error argv "C:\\Program Files\\nodejs\\node.exe" "C:\\Users\\Pieter\\AppData\\Roaming\\npm\\node_modules\\npm\\bin\\npm-cli.js" "start"
19 error node v4.2.2
20 error npm  v3.4.1
21 error code ELIFECYCLE
22 error project@0.0.0 start: `node ./bin/www`
22 error Exit status 3221225786
23 error Failed at the project@0.0.0 start script 'node ./bin/www'.
23 error Make sure you have the latest version of node.js and npm installed.
23 error If you do, this is most likely a problem with the project package,
23 error not with npm itself.
23 error Tell the author that this fails on your system:
23 error     node ./bin/www
23 error You can get their info via:
23 error     npm owner ls project
23 error There is likely additional logging output above.
24 verbose exit [ 1, true ]
